<?xml version="1.0" encoding="UTF-8"?>
<!-- Generated by org.testng.reporters.JUnitXMLReporter -->
<testsuite ignored="0" hostname="sangureddy" failures="0" tests="5" name="Surefire test" time="362.45" errors="0" timestamp="04 Oct 2023 15:43:02 GMT">
  <testcase classname="Examples.NavigationTest" name="DropdownSelect" time="52.15"/>
  <testcase classname="Examples.NavigationTest" name="MenuSelect" time="66.433"/>
  <testcase classname="Examples.NavigationTest" name="MobileSelect" time="114.119"/>
  <testcase classname="Examples.NavigationTest" name="Search" time="67.965"/>
  <testcase classname="Examples.NavigationTest" name="navigateToAUrl" time="46.039"/>
</testsuite> <!-- Surefire test -->
