<?xml version="1.0" encoding="UTF-8"?>
<testng-results ignored="0" total="5" passed="5" failed="0" skipped="0">
  <reporter-output>
  </reporter-output>
  <suite started-at="2023-10-04T15:37:00Z" name="Surefire suite" finished-at="2023-10-04T15:43:02Z" duration-ms="362450">
    <groups>
    </groups>
    <test started-at="2023-10-04T15:37:00Z" name="Surefire test" finished-at="2023-10-04T15:43:02Z" duration-ms="362450">
      <class name="Examples.NavigationTest">
        <test-method is-config="true" signature="beforeMethod()[pri:0, instance:Examples.NavigationTest@69a10787]" started-at="2023-10-04T21:07:00Z" name="beforeMethod" finished-at="2023-10-04T21:07:04Z" duration-ms="4751" status="PASS">
          <reporter-output>
          </reporter-output>
        </test-method> <!-- beforeMethod -->
        <test-method signature="DropdownSelect()[pri:0, instance:Examples.NavigationTest@69a10787]" started-at="2023-10-04T21:07:04Z" name="DropdownSelect" finished-at="2023-10-04T21:07:57Z" duration-ms="52150" status="PASS">
          <reporter-output>
          </reporter-output>
        </test-method> <!-- DropdownSelect -->
        <test-method is-config="true" signature="afterMethod()[pri:0, instance:Examples.NavigationTest@69a10787]" started-at="2023-10-04T21:07:57Z" name="afterMethod" finished-at="2023-10-04T21:07:57Z" duration-ms="686" status="PASS">
          <reporter-output>
          </reporter-output>
        </test-method> <!-- afterMethod -->
        <test-method is-config="true" signature="beforeMethod()[pri:0, instance:Examples.NavigationTest@69a10787]" started-at="2023-10-04T21:07:57Z" name="beforeMethod" finished-at="2023-10-04T21:07:59Z" duration-ms="1315" status="PASS">
          <reporter-output>
          </reporter-output>
        </test-method> <!-- beforeMethod -->
        <test-method signature="MenuSelect()[pri:0, instance:Examples.NavigationTest@69a10787]" started-at="2023-10-04T21:07:59Z" name="MenuSelect" finished-at="2023-10-04T21:09:05Z" duration-ms="66433" status="PASS">
          <reporter-output>
          </reporter-output>
        </test-method> <!-- MenuSelect -->
        <test-method is-config="true" signature="afterMethod()[pri:0, instance:Examples.NavigationTest@69a10787]" started-at="2023-10-04T21:09:05Z" name="afterMethod" finished-at="2023-10-04T21:09:06Z" duration-ms="708" status="PASS">
          <reporter-output>
          </reporter-output>
        </test-method> <!-- afterMethod -->
        <test-method is-config="true" signature="beforeMethod()[pri:0, instance:Examples.NavigationTest@69a10787]" started-at="2023-10-04T21:09:06Z" name="beforeMethod" finished-at="2023-10-04T21:09:07Z" duration-ms="1327" status="PASS">
          <reporter-output>
          </reporter-output>
        </test-method> <!-- beforeMethod -->
        <test-method signature="MobileSelect()[pri:0, instance:Examples.NavigationTest@69a10787]" started-at="2023-10-04T21:09:07Z" name="MobileSelect" finished-at="2023-10-04T21:11:01Z" duration-ms="114119" status="PASS">
          <reporter-output>
          </reporter-output>
        </test-method> <!-- MobileSelect -->
        <test-method is-config="true" signature="afterMethod()[pri:0, instance:Examples.NavigationTest@69a10787]" started-at="2023-10-04T21:11:01Z" name="afterMethod" finished-at="2023-10-04T21:11:02Z" duration-ms="709" status="PASS">
          <reporter-output>
          </reporter-output>
        </test-method> <!-- afterMethod -->
        <test-method is-config="true" signature="beforeMethod()[pri:0, instance:Examples.NavigationTest@69a10787]" started-at="2023-10-04T21:11:02Z" name="beforeMethod" finished-at="2023-10-04T21:11:03Z" duration-ms="1315" status="PASS">
          <reporter-output>
          </reporter-output>
        </test-method> <!-- beforeMethod -->
        <test-method signature="Search()[pri:0, instance:Examples.NavigationTest@69a10787]" started-at="2023-10-04T21:11:03Z" name="Search" finished-at="2023-10-04T21:12:11Z" duration-ms="67965" status="PASS">
          <reporter-output>
          </reporter-output>
        </test-method> <!-- Search -->
        <test-method is-config="true" signature="afterMethod()[pri:0, instance:Examples.NavigationTest@69a10787]" started-at="2023-10-04T21:12:11Z" name="afterMethod" finished-at="2023-10-04T21:12:12Z" duration-ms="959" status="PASS">
          <reporter-output>
          </reporter-output>
        </test-method> <!-- afterMethod -->
        <test-method is-config="true" signature="beforeMethod()[pri:0, instance:Examples.NavigationTest@69a10787]" started-at="2023-10-04T21:12:12Z" name="beforeMethod" finished-at="2023-10-04T21:12:15Z" duration-ms="3154" status="PASS">
          <reporter-output>
          </reporter-output>
        </test-method> <!-- beforeMethod -->
        <test-method signature="navigateToAUrl()[pri:0, instance:Examples.NavigationTest@69a10787]" started-at="2023-10-04T21:12:15Z" name="navigateToAUrl" finished-at="2023-10-04T21:13:01Z" duration-ms="46039" status="PASS">
          <reporter-output>
          </reporter-output>
        </test-method> <!-- navigateToAUrl -->
        <test-method is-config="true" signature="afterMethod()[pri:0, instance:Examples.NavigationTest@69a10787]" started-at="2023-10-04T21:13:01Z" name="afterMethod" finished-at="2023-10-04T21:13:02Z" duration-ms="755" status="PASS">
          <reporter-output>
          </reporter-output>
        </test-method> <!-- afterMethod -->
      </class> <!-- Examples.NavigationTest -->
    </test> <!-- Surefire test -->
  </suite> <!-- Surefire suite -->
</testng-results>
