<?xml version="1.0" encoding="UTF-8"?>
<testng-results skipped="0" failed="1" ignored="0" total="1" passed="0">
  <reporter-output>
  </reporter-output>
  <suite name="Default suite" duration-ms="10506" started-at="2023-10-04T15:06:19Z" finished-at="2023-10-04T15:06:29Z">
    <groups>
    </groups>
    <test name="Default test" duration-ms="10506" started-at="2023-10-04T15:06:19Z" finished-at="2023-10-04T15:06:29Z">
      <class name="Examples.NavigationTest">
        <test-method status="PASS" signature="beforeMethod()[pri:0, instance:Examples.NavigationTest@5cee5251]" name="beforeMethod" is-config="true" duration-ms="1627" started-at="2023-10-04T20:36:19Z" finished-at="2023-10-04T20:36:20Z">
          <reporter-output>
          </reporter-output>
        </test-method> <!-- beforeMethod -->
        <test-method status="FAIL" signature="MobileSelect()[pri:0, instance:Examples.NavigationTest@5cee5251]" name="MobileSelect" duration-ms="8032" started-at="2023-10-04T20:36:20Z" finished-at="2023-10-04T20:36:28Z">
          <exception class="java.lang.IllegalMonitorStateException">
            <full-stacktrace>
              <![CDATA[java.lang.IllegalMonitorStateExceptionat java.lang.Object.wait(Native Method)at Examples.NavigationTest.MobileSelect(NavigationTest.java:34)at sun.reflect.NativeMethodAccessorImpl.invoke0(Native Method)at sun.reflect.NativeMethodAccessorImpl.invoke(Unknown Source)at sun.reflect.DelegatingMethodAccessorImpl.invoke(Unknown Source)at java.lang.reflect.Method.invoke(Unknown Source)at org.testng.internal.MethodInvocationHelper.invokeMethod(MethodInvocationHelper.java:124)at org.testng.internal.Invoker.invokeMethod(Invoker.java:571)at org.testng.internal.Invoker.invokeTestMethod(Invoker.java:707)at org.testng.internal.Invoker.invokeTestMethods(Invoker.java:979)at org.testng.internal.TestMethodWorker.invokeTestMethods(TestMethodWorker.java:125)at org.testng.internal.TestMethodWorker.run(TestMethodWorker.java:109)at org.testng.TestRunner.privateRun(TestRunner.java:648)at org.testng.TestRunner.run(TestRunner.java:505)at org.testng.SuiteRunner.runTest(SuiteRunner.java:455)at org.testng.SuiteRunner.runSequentially(SuiteRunner.java:450)at org.testng.SuiteRunner.privateRun(SuiteRunner.java:415)at org.testng.SuiteRunner.run(SuiteRunner.java:364)at org.testng.SuiteRunnerWorker.runSuite(SuiteRunnerWorker.java:52)at org.testng.SuiteRunnerWorker.run(SuiteRunnerWorker.java:84)at org.testng.TestNG.runSuitesSequentially(TestNG.java:1187)at org.testng.TestNG.runSuitesLocally(TestNG.java:1116)at org.testng.TestNG.runSuites(TestNG.java:1028)at org.testng.TestNG.run(TestNG.java:996)at org.testng.remote.AbstractRemoteTestNG.run(AbstractRemoteTestNG.java:115)at org.testng.remote.RemoteTestNG.initAndRun(RemoteTestNG.java:251)at org.testng.remote.RemoteTestNG.main(RemoteTestNG.java:77)]]>
            </full-stacktrace>
          </exception> <!-- java.lang.IllegalMonitorStateException -->
          <reporter-output>
          </reporter-output>
        </test-method> <!-- MobileSelect -->
        <test-method status="PASS" signature="afterMethod()[pri:0, instance:Examples.NavigationTest@5cee5251]" name="afterMethod" is-config="true" duration-ms="824" started-at="2023-10-04T20:36:28Z" finished-at="2023-10-04T20:36:29Z">
          <reporter-output>
          </reporter-output>
        </test-method> <!-- afterMethod -->
      </class> <!-- Examples.NavigationTest -->
    </test> <!-- Default test -->
  </suite> <!-- Default suite -->
</testng-results>
